Start testing: Dec 08 20:01 KST
----------------------------------------------------------
1/1 Testing: check_money
1/1 Test: check_money
Command: "/root/05_day/check-0.10.0/doc/example/tests/check_money"
Directory: /root/05_day/check-0.10.0/doc/example
"check_money" start time: Dec 08 20:01 KST
Output:
----------------------------------------------------------
Running suite(s): Money
100%: Checks: 3, Failures: 0, Errors: 0
<end of output>
Test time =   0.00 sec
----------------------------------------------------------
Test Passed.
"check_money" end time: Dec 08 20:01 KST
"check_money" time elapsed: 00:00:00
----------------------------------------------------------

End testing: Dec 08 20:01 KST
